<?xml version="1.0" encoding="UTF-8"?>
<!-- Generated by org.testng.reporters.JUnitReportReporter -->
<testsuite skipped="0" hostname="alehs-mbp-2.minsk.epam.com" name="com.epam.webservices.training.tests.ApacheHttpClientTest" tests="1" failures="0" timestamp="28 Jul 2017 13:55:25 GMT" time="0.633" errors="0">
  <testcase name="checkStatusCodeTest" time="0.633" classname="com.epam.webservices.training.tests.ApacheHttpClientTest"/>
</testsuite> <!-- com.epam.webservices.training.tests.ApacheHttpClientTest -->
