<?xml version="1.0" encoding="UTF-8"?>
<!-- Generated by org.testng.reporters.JUnitReportReporter -->
<testsuite skipped="0" hostname="epbyminw4850.minsk.epam.com" name="com.epam.webservices.training.tests.RestTemplDemoTest" tests="3" failures="0" timestamp="01 Jun 2017 14:03:48 GMT" time="29.923" errors="0">
  <testcase name="checkResponseBody" time="0.605" classname="com.epam.webservices.training.tests.RestTemplDemoTest"/>
  <testcase name="checkStatusCode" time="0.081" classname="com.epam.webservices.training.tests.RestTemplDemoTest"/>
  <testcase name="checkResponseHeader" time="29.237" classname="com.epam.webservices.training.tests.RestTemplDemoTest"/>
</testsuite> <!-- com.epam.webservices.training.tests.RestTemplDemoTest -->
