<?xml version="1.0" encoding="UTF-8"?>
<!-- Generated by org.testng.reporters.JUnitReportReporter -->
<testsuite skipped="0" hostname="alehs-mbp-2.minsk.epam.com" name="com.epam.webservices.training.tests.RestAssuredDemoTest" tests="3" failures="0" timestamp="28 Jul 2017 13:16:56 GMT" time="0.997" errors="0">
  <testcase name="checkStatusCode" time="0.072" classname="com.epam.webservices.training.tests.RestAssuredDemoTest"/>
  <testcase name="checkResponseBody" time="0.852" classname="com.epam.webservices.training.tests.RestAssuredDemoTest"/>
  <testcase name="checkResponseHeader" time="0.073" classname="com.epam.webservices.training.tests.RestAssuredDemoTest"/>
</testsuite> <!-- com.epam.webservices.training.tests.RestAssuredDemoTest -->
